<?xml version="1.0" encoding="UTF-8"?>
<testsuite xmlns:xsi="http://www.w3.org/2001/XMLSchema-instance" xsi:noNamespaceSchemaLocation="https://maven.apache.org/surefire/maven-surefire-plugin/xsd/surefire-test-report.xsd" name="google2.Runner" time="29.674" tests="9" errors="4" skipped="1" failures="0">
  <properties>
[...]
</properties>
  <testcase name="Given que acesso o site do Google" classname="Scenario: Busca Termo Unico com Enter" time="0.002"/>
  <testcase name="When digito o termo &quot;feriado&quot; e pressiono Enter" classname="Scenario: Busca Termo Unico com Enter" time="0"/>
  <testcase name="Then vejo os resultados e a guia &quot;feriado - Pesquisa Google&quot;" classname="Scenario: Busca Termo Unico com Enter" time="0"/>
  <testcase name="Scenario: Busca Termo Unico com Enter" classname="Scenario: Busca Termo Unico com Enter" time="1.468"/>
  <testcase name="Scenario: Busca Termo Unico com Enter" classname="Scenario: Busca Termo Unico com Enter" time="0.015">
    <error message="✽.Given que acesso o site do Google1(ConsultarInglesPO.feature:4) matches more than one step definition:&#10;  que acesso o site do Google in ConsultarIngles.que_acesso_o_site_do_Google()&#10;  que acesso o site do Google1$ in ConsultarInglesPO.que_acesso_o_site_do_Google()&#10;" type="cucumber.runtime.AmbiguousStepDefinitionsException">cucumber.runtime.AmbiguousStepDefinitionsException: 
✽.Given que acesso o site do Google1(ConsultarInglesPO.feature:4) matches more than one step definition:
  que acesso o site do Google in ConsultarIngles.que_acesso_o_site_do_Google()
  que acesso o site do Google1$ in ConsultarInglesPO.que_acesso_o_site_do_Google()

</error>
  </testcase>
  <testcase name="Scenario: Busca Termo Unico com Enter" classname="Scenario: Busca Termo Unico com Enter" time="0">
    <error message="✽.When digito o termo &quot;geladeira&quot; e pressiono Enter1(ConsultarInglesPO.feature:5) matches more than one step definition:&#10;  digito o termo &quot;([^&quot;]*)&quot; e pressiono Enter in ConsultarIngles.digito_o_termo_e_pressiono_Enter(String)&#10;  digito o termo &quot;([^&quot;]*)&quot; e pressiono Enter1$ in ConsultarInglesPO.digito_o_termo_e_pressiono_Enter(String)&#10;" type="cucumber.runtime.AmbiguousStepDefinitionsException">cucumber.runtime.AmbiguousStepDefinitionsException: 
✽.When digito o termo "geladeira" e pressiono Enter1(ConsultarInglesPO.feature:5) matches more than one step definition:
  digito o termo "([^"]*)" e pressiono Enter in ConsultarIngles.digito_o_termo_e_pressiono_Enter(String)
  digito o termo "([^"]*)" e pressiono Enter1$ in ConsultarInglesPO.digito_o_termo_e_pressiono_Enter(String)

</error>
  </testcase>
  <testcase name="Given que acesso o site do Google1" classname="Scenario: Busca Termo Unico com Enter" time="0.015">
    <error message="✽.Given que acesso o site do Google1(ConsultarInglesPO.feature:4) matches more than one step definition:&#10;  que acesso o site do Google in ConsultarIngles.que_acesso_o_site_do_Google()&#10;  que acesso o site do Google1$ in ConsultarInglesPO.que_acesso_o_site_do_Google()&#10;" type="cucumber.runtime.AmbiguousStepDefinitionsException">cucumber.runtime.AmbiguousStepDefinitionsException: 
✽.Given que acesso o site do Google1(ConsultarInglesPO.feature:4) matches more than one step definition:
  que acesso o site do Google in ConsultarIngles.que_acesso_o_site_do_Google()
  que acesso o site do Google1$ in ConsultarInglesPO.que_acesso_o_site_do_Google()

</error>
    <system-out><![CDATA[
  Scenario: Busca Termo Unico com Enter                          # ConsultarIngles.feature:3
    Given que acesso o site do Google                            # ConsultarIngles.que_acesso_o_site_do_Google()
    When digito o termo "feriado" e pressiono Enter              # ConsultarIngles.digito_o_termo_e_pressiono_Enter(String)
    #And pressiono o Enter
    Then vejo os resultados e a guia "feriado - Pesquisa Google" # ConsultarIngles.vejo_os_resultados_e_a_guia(String)
Feature: Buscar Termo
]]></system-out>
    <system-err><![CDATA[Starting ChromeDriver 78.0.3904.70 (edb9c9f3de0247fd912a77b7f6cae7447f6d3ad5-refs/branch-heads/3904@{#800}) on port 8370
Only local connections are allowed.
Please protect ports used by ChromeDriver and related test frameworks to prevent access by malicious code.
[1572478687.104][WARNING]: Timed out connecting to Chrome, retrying...
Oct 30, 2019 8:38:09 PM org.openqa.selenium.remote.ProtocolHandshake createSession
INFO: Detected dialect: W3C
Starting ChromeDriver 78.0.3904.70 (edb9c9f3de0247fd912a77b7f6cae7447f6d3ad5-refs/branch-heads/3904@{#800}) on port 27617
Only local connections are allowed.
Please protect ports used by ChromeDriver and related test frameworks to prevent access by malicious code.
[1572478692.237][WARNING]: Timed out connecting to Chrome, retrying...
Oct 30, 2019 8:38:14 PM org.openqa.selenium.remote.ProtocolHandshake createSession
INFO: Detected dialect: W3C
]]></system-err>
  </testcase>
  <testcase name="When digito o termo &quot;geladeira&quot; e pressiono Enter1" classname="Scenario: Busca Termo Unico com Enter" time="0">
    <error message="✽.When digito o termo &quot;geladeira&quot; e pressiono Enter1(ConsultarInglesPO.feature:5) matches more than one step definition:&#10;  digito o termo &quot;([^&quot;]*)&quot; e pressiono Enter in ConsultarIngles.digito_o_termo_e_pressiono_Enter(String)&#10;  digito o termo &quot;([^&quot;]*)&quot; e pressiono Enter1$ in ConsultarInglesPO.digito_o_termo_e_pressiono_Enter(String)&#10;" type="cucumber.runtime.AmbiguousStepDefinitionsException">cucumber.runtime.AmbiguousStepDefinitionsException: 
✽.When digito o termo "geladeira" e pressiono Enter1(ConsultarInglesPO.feature:5) matches more than one step definition:
  digito o termo "([^"]*)" e pressiono Enter in ConsultarIngles.digito_o_termo_e_pressiono_Enter(String)
  digito o termo "([^"]*)" e pressiono Enter1$ in ConsultarInglesPO.digito_o_termo_e_pressiono_Enter(String)

</error>
  </testcase>
  <testcase name="Then vejo os resultados e a guia 1 &quot;feriado - Pesquisa Google&quot;" classname="Scenario: Busca Termo Unico com Enter" time="0">
    <skipped/>
  </testcase>
</testsuite>